This is pdfTeX, Version 3.14159265-2.6-1.40.20 (TeX Live 2019/Debian) (preloaded format=pdflatex 2024.5.3)  23 MAY 2024 18:02
entering extended mode
 restricted \write18 enabled.
 file:line:error style messages enabled.
 %&-line parsing enabled.
**Dremsek.tex
(./Dremsek.tex
LaTeX2e <2020-02-02> patch level 2
L3 programming layer <2020-02-14> (./modified_macros.tex
(/usr/share/texlive/texmf-dist/tex/latex/base/article.cls
Document Class: article 2019/12/20 v1.4l Standard LaTeX document class
(/usr/share/texlive/texmf-dist/tex/latex/base/size12.clo
File: size12.clo 2019/12/20 v1.4l Standard LaTeX file (size option)
)
\c@part=\count167
\c@section=\count168
\c@subsection=\count169
\c@subsubsection=\count170
\c@paragraph=\count171
\c@subparagraph=\count172
\c@figure=\count173
\c@table=\count174
\abovecaptionskip=\skip47
\belowcaptionskip=\skip48
\bibindent=\dimen134
)
(/usr/share/texlive/texmf-dist/tex/latex/geometry/geometry.sty
Package: geometry 2020/01/02 v5.9 Page Geometry

(/usr/share/texlive/texmf-dist/tex/latex/graphics/keyval.sty
Package: keyval 2014/10/28 v1.15 key=value parser (DPC)
\KV@toks@=\toks14
)
(/usr/share/texlive/texmf-dist/tex/generic/iftex/ifvtex.sty
Package: ifvtex 2019/10/25 v1.7 ifvtex legacy package. Use iftex instead.

(/usr/share/texlive/texmf-dist/tex/generic/iftex/iftex.sty
Package: iftex 2019/11/07 v1.0c TeX engine tests
))
\Gm@cnth=\count175
\Gm@cntv=\count176
\c@Gm@tempcnt=\count177
\Gm@bindingoffset=\dimen135
\Gm@wd@mp=\dimen136
\Gm@odd@mp=\dimen137
\Gm@even@mp=\dimen138
\Gm@layoutwidth=\dimen139
\Gm@layoutheight=\dimen140
\Gm@layouthoffset=\dimen141
\Gm@layoutvoffset=\dimen142
\Gm@dimlist=\toks15
)
(/usr/share/texlive/texmf-dist/tex/latex/graphics/graphicx.sty
Package: graphicx 2019/11/30 v1.2a Enhanced LaTeX Graphics (DPC,SPQR)

(/usr/share/texlive/texmf-dist/tex/latex/graphics/graphics.sty
Package: graphics 2019/11/30 v1.4a Standard LaTeX Graphics (DPC,SPQR)

(/usr/share/texlive/texmf-dist/tex/latex/graphics/trig.sty
Package: trig 2016/01/03 v1.10 sin cos tan (DPC)
)
(/usr/share/texlive/texmf-dist/tex/latex/graphics-cfg/graphics.cfg
File: graphics.cfg 2016/06/04 v1.11 sample graphics configuration
)
Package graphics Info: Driver file: pdftex.def on input line 105.

(/usr/share/texlive/texmf-dist/tex/latex/graphics-def/pdftex.def
File: pdftex.def 2018/01/08 v1.0l Graphics/color driver for pdftex
))
\Gin@req@height=\dimen143
\Gin@req@width=\dimen144
)
(/usr/share/texlive/texmf-dist/tex/latex/setspace/setspace.sty
Package: setspace 2011/12/19 v6.7a set line spacing
)
(/usr/share/texlive/texmf-dist/tex/latex/titling/titling.sty
Package: titling 2009/09/04 v2.1d maketitle typesetting
\thanksmarkwidth=\skip49
\thanksmargin=\skip50
\droptitle=\skip51
)
(/usr/share/texlive/texmf-dist/tex/latex/enumitem/enumitem.sty
Package: enumitem 2019/06/20 v3.9 Customized lists
\labelindent=\skip52
\enit@outerparindent=\dimen145
\enit@toks=\toks16
\enit@inbox=\box45
\enit@count@id=\count178
\enitdp@description=\count179
)
(/usr/share/texlive/texmf-dist/tex/latex/base/fontenc.sty
Package: fontenc 2020/02/11 v2.0o Standard LaTeX package
)

./modified_macros.tex:9: LaTeX Error: Missing \begin{document}.

See the LaTeX manual or LaTeX Companion for explanation.
Type  H <return>  for immediate help.
 ...                                              
                                                  
l.9 \renewcommand\\ma
                     ketitlehookc{\\vspace{-10ex}}
You're in trouble here.  Try typing  <return>  to proceed.
If that doesn't work, type  X <return>  to quit.

(/usr/share/texlive/texmf-dist/tex/latex/lipsum/lipsum.sty
(/usr/share/texlive/texmf-dist/tex/latex/l3kernel/expl3.sty
Package: expl3 2020-02-14 L3 programming layer (loader) 

(/usr/share/texlive/texmf-dist/tex/latex/l3backend/l3backend-pdfmode.def
File: l3backend-pdfmode.def 2020-02-03 L3 backend support: PDF mode
\l__kernel_color_stack_int=\count180
\l__pdf_internal_box=\box46
))
(/usr/share/texlive/texmf-dist/tex/latex/l3packages/xparse/xparse.sty
Package: xparse 2020-02-14 L3 Experimental document command parser
\l__xparse_current_arg_int=\count181
\g__xparse_grabber_int=\count182
\l__xparse_m_args_int=\count183
\l__xparse_v_nesting_int=\count184
)
Package: lipsum 2019/01/02 v2.2 150 paragraphs of Lorem Ipsum dummy text

(/usr/share/texlive/texmf-dist/tex/latex/lipsum/lipsum.ltd.tex
File: lipsum.ltd.tex 2019/01/02 v2.2 The Lorem ipsum dummy text
))
(/usr/share/texlive/texmf-dist/tex/latex/booktabs/booktabs.sty
Package: booktabs 2020/01/12 v1.61803398 Publication quality tables
\heavyrulewidth=\dimen146
\lightrulewidth=\dimen147
\cmidrulewidth=\dimen148
\belowrulesep=\dimen149
\belowbottomsep=\dimen150
\aboverulesep=\dimen151
\abovetopsep=\dimen152
\cmidrulesep=\dimen153
\cmidrulekern=\dimen154
\defaultaddspace=\dimen155
\@cmidla=\count185
\@cmidlb=\count186
\@aboverulesep=\dimen156
\@belowrulesep=\dimen157
\@thisruleclass=\count187
\@lastruleclass=\count188
\@thisrulewidth=\dimen158
)
(/usr/share/texlive/texmf-dist/tex/latex/amsfonts/amsfonts.sty
Package: amsfonts 2013/01/14 v3.01 Basic AMSFonts support
\@emptytoks=\toks17
\symAMSa=\mathgroup4
\symAMSb=\mathgroup5
LaTeX Font Info:    Redeclaring math symbol \hbar on input line 98.
LaTeX Font Info:    Overwriting math alphabet `\mathfrak' in version `bold'
(Font)                  U/euf/m/n --> U/euf/b/n on input line 106.
)
(/usr/share/texlive/texmf-dist/tex/latex/units/nicefrac.sty
Package: nicefrac 1998/08/04 v0.9b Nice fractions
\L@UnitsRaiseDisplaystyle=\skip53
\L@UnitsRaiseTextstyle=\skip54
\L@UnitsRaiseScriptstyle=\skip55

(/usr/share/texlive/texmf-dist/tex/latex/base/ifthen.sty
Package: ifthen 2014/09/29 v1.1c Standard LaTeX ifthen package (DPC)
))
(/usr/share/texlive/texmf-dist/tex/latex/hyperref/hyperref.sty
Package: hyperref 2020/01/14 v7.00d Hypertext links for LaTeX

(/usr/share/texlive/texmf-dist/tex/generic/ltxcmds/ltxcmds.sty
Package: ltxcmds 2019/12/15 v1.24 LaTeX kernel commands for general use (HO)
)
(/usr/share/texlive/texmf-dist/tex/latex/pdftexcmds/pdftexcmds.sty
Package: pdftexcmds 2019/11/24 v0.31 Utility functions of pdfTeX for LuaTeX (HO
)

(/usr/share/texlive/texmf-dist/tex/generic/infwarerr/infwarerr.sty
Package: infwarerr 2019/12/03 v1.5 Providing info/warning/error messages (HO)
)
Package pdftexcmds Info: \pdf@primitive is available.
Package pdftexcmds Info: \pdf@ifprimitive is available.
Package pdftexcmds Info: \pdfdraftmode found.
)
(/usr/share/texlive/texmf-dist/tex/generic/kvsetkeys/kvsetkeys.sty
Package: kvsetkeys 2019/12/15 v1.18 Key value parser (HO)
)
(/usr/share/texlive/texmf-dist/tex/generic/kvdefinekeys/kvdefinekeys.sty
Package: kvdefinekeys 2019-12-19 v1.6 Define keys (HO)
)
(/usr/share/texlive/texmf-dist/tex/generic/pdfescape/pdfescape.sty
Package: pdfescape 2019/12/09 v1.15 Implements pdfTeX's escape features (HO)
)
(/usr/share/texlive/texmf-dist/tex/latex/hycolor/hycolor.sty
Package: hycolor 2020-01-27 v1.10 Color options for hyperref/bookmark (HO)
)
(/usr/share/texlive/texmf-dist/tex/latex/letltxmacro/letltxmacro.sty
Package: letltxmacro 2019/12/03 v1.6 Let assignment for LaTeX macros (HO)
)
(/usr/share/texlive/texmf-dist/tex/latex/auxhook/auxhook.sty
Package: auxhook 2019-12-17 v1.6 Hooks for auxiliary files (HO)
)
(/usr/share/texlive/texmf-dist/tex/latex/kvoptions/kvoptions.sty
Package: kvoptions 2019/11/29 v3.13 Key value format for package options (HO)
)
\@linkdim=\dimen159
\Hy@linkcounter=\count189
\Hy@pagecounter=\count190

(/usr/share/texlive/texmf-dist/tex/latex/hyperref/pd1enc.def
File: pd1enc.def 2020/01/14 v7.00d Hyperref: PDFDocEncoding definition (HO)
Now handling font encoding PD1 ...
... no UTF-8 mapping file for font encoding PD1
)
(/usr/share/texlive/texmf-dist/tex/generic/intcalc/intcalc.sty
Package: intcalc 2019/12/15 v1.3 Expandable calculations with integers (HO)
)
(/usr/share/texlive/texmf-dist/tex/generic/etexcmds/etexcmds.sty
Package: etexcmds 2019/12/15 v1.7 Avoid name clashes with e-TeX commands (HO)
)
\Hy@SavedSpaceFactor=\count191
\pdfmajorversion=\count192
Package hyperref Info: Hyper figures OFF on input line 4547.
Package hyperref Info: Link nesting OFF on input line 4552.
Package hyperref Info: Hyper index ON on input line 4555.
Package hyperref Info: Plain pages OFF on input line 4562.
Package hyperref Info: Backreferencing OFF on input line 4567.
Package hyperref Info: Implicit mode ON; LaTeX internals redefined.
Package hyperref Info: Bookmarks ON on input line 4800.
\c@Hy@tempcnt=\count193

(/usr/share/texlive/texmf-dist/tex/latex/url/url.sty
\Urlmuskip=\muskip16
Package: url 2013/09/16  ver 3.4  Verb mode for urls, etc.
)
LaTeX Info: Redefining \url on input line 5159.
\XeTeXLinkMargin=\dimen160

(/usr/share/texlive/texmf-dist/tex/generic/bitset/bitset.sty
Package: bitset 2019/12/09 v1.3 Handle bit-vector datatype (HO)

(/usr/share/texlive/texmf-dist/tex/generic/bigintcalc/bigintcalc.sty
Package: bigintcalc 2019/12/15 v1.5 Expandable calculations on big integers (HO
)
))
\Fld@menulength=\count194
\Field@Width=\dimen161
\Fld@charsize=\dimen162
Package hyperref Info: Hyper figures OFF on input line 6430.
Package hyperref Info: Link nesting OFF on input line 6435.
Package hyperref Info: Hyper index ON on input line 6438.
Package hyperref Info: backreferencing OFF on input line 6445.
Package hyperref Info: Link coloring OFF on input line 6450.
Package hyperref Info: Link coloring with OCG OFF on input line 6455.
Package hyperref Info: PDF/A mode OFF on input line 6460.
LaTeX Info: Redefining \ref on input line 6500.
LaTeX Info: Redefining \pageref on input line 6504.

(/usr/share/texlive/texmf-dist/tex/generic/atbegshi/atbegshi.sty
Package: atbegshi 2019/12/05 v1.19 At begin shipout hook (HO)
)
\Hy@abspage=\count195
\c@Item=\count196
\c@Hfootnote=\count197
)
Package hyperref Info: Driver (autodetected): hpdftex.

(/usr/share/texlive/texmf-dist/tex/latex/hyperref/hpdftex.def
File: hpdftex.def 2020/01/14 v7.00d Hyperref driver for pdfTeX

(/usr/share/texlive/texmf-dist/tex/latex/atveryend/atveryend.sty
Package: atveryend 2019-12-11 v1.11 Hooks at the very end of document (HO)
Package atveryend Info: \enddocument detected (standard20110627).
)
\Fld@listcount=\count198
\c@bookmark@seq@number=\count199

(/usr/share/texlive/texmf-dist/tex/latex/rerunfilecheck/rerunfilecheck.sty
Package: rerunfilecheck 2019/12/05 v1.9 Rerun checks for auxiliary files (HO)

(/usr/share/texlive/texmf-dist/tex/generic/uniquecounter/uniquecounter.sty
Package: uniquecounter 2019/12/15 v1.4 Provide unlimited unique counter (HO)
)
Package uniquecounter Info: New unique counter `rerunfilecheck' on input line 2
86.
)
\Hy@SectionHShift=\skip56
))
(/media/zhaoyang-new/workspace/KarSim/KarComparator/out/Dremsek.aux)
\openout1 = `Dremsek.aux'.

LaTeX Font Info:    Checking defaults for OML/cmm/m/it on input line 4.
LaTeX Font Info:    ... okay on input line 4.
LaTeX Font Info:    Checking defaults for OMS/cmsy/m/n on input line 4.
LaTeX Font Info:    ... okay on input line 4.
LaTeX Font Info:    Checking defaults for OT1/cmr/m/n on input line 4.
LaTeX Font Info:    ... okay on input line 4.
LaTeX Font Info:    Checking defaults for T1/cmr/m/n on input line 4.
LaTeX Font Info:    ... okay on input line 4.
LaTeX Font Info:    Checking defaults for TS1/cmr/m/n on input line 4.
LaTeX Font Info:    ... okay on input line 4.
LaTeX Font Info:    Checking defaults for OMX/cmex/m/n on input line 4.
LaTeX Font Info:    ... okay on input line 4.
LaTeX Font Info:    Checking defaults for U/cmr/m/n on input line 4.
LaTeX Font Info:    ... okay on input line 4.
LaTeX Font Info:    Checking defaults for PD1/pdf/m/n on input line 4.
LaTeX Font Info:    ... okay on input line 4.

*geometry* driver: auto-detecting
*geometry* detected driver: pdftex
*geometry* verbose mode - [ preamble ] result:
* driver: pdftex
* paper: letterpaper
* layout: <same size as paper>
* layoutoffset:(h,v)=(0.0pt,0.0pt)
* modes: 
* h-part:(L,W,R)=(54.2025pt, 505.89pt, 54.2025pt)
* v-part:(T,H,B)=(54.2025pt, 686.56499pt, 54.2025pt)
* \paperwidth=614.295pt
* \paperheight=794.96999pt
* \textwidth=505.89pt
* \textheight=686.56499pt
* \oddsidemargin=-18.06749pt
* \evensidemargin=-18.06749pt
* \topmargin=-55.06749pt
* \headheight=12.0pt
* \headsep=25.0pt
* \topskip=12.0pt
* \footskip=30.0pt
* \marginparwidth=44.0pt
* \marginparsep=10.0pt
* \columnsep=10.0pt
* \skip\footins=10.8pt plus 4.0pt minus 2.0pt
* \hoffset=0.0pt
* \voffset=0.0pt
* \mag=1000
* \@twocolumnfalse
* \@twosidefalse
* \@mparswitchfalse
* \@reversemarginfalse
* (1in=72.27pt=25.4mm, 1cm=28.453pt)

(/usr/share/texlive/texmf-dist/tex/context/base/mkii/supp-pdf.mkii
[Loading MPS to PDF converter (version 2006.09.02).]
\scratchcounter=\count266
\scratchdimen=\dimen163
\scratchbox=\box47
\nofMPsegments=\count267
\nofMParguments=\count268
\everyMPshowfont=\toks18
\MPscratchCnt=\count269
\MPscratchDim=\dimen164
\MPnumerator=\count270
\makeMPintoPDFobject=\count271
\everyMPtoPDFconversion=\toks19
) (/usr/share/texlive/texmf-dist/tex/latex/epstopdf-pkg/epstopdf-base.sty
Package: epstopdf-base 2020-01-24 v2.11 Base part for package epstopdf
Package epstopdf-base Info: Redefining graphics rule for `.eps' on input line 4
85.

(/usr/share/texlive/texmf-dist/tex/latex/latexconfig/epstopdf-sys.cfg
File: epstopdf-sys.cfg 2010/07/13 v1.3 Configuration of (r)epstopdf for TeX Liv
e
))
\AtBeginShipoutBox=\box48
Package hyperref Info: Link coloring OFF on input line 4.

(/usr/share/texlive/texmf-dist/tex/latex/hyperref/nameref.sty
Package: nameref 2019/09/16 v2.46 Cross-referencing by name of section

(/usr/share/texlive/texmf-dist/tex/latex/refcount/refcount.sty
Package: refcount 2019/12/15 v3.6 Data extraction from label references (HO)
)
(/usr/share/texlive/texmf-dist/tex/generic/gettitlestring/gettitlestring.sty
Package: gettitlestring 2019/12/15 v1.6 Cleanup title references (HO)
)
\c@section@level=\count272
)
LaTeX Info: Redefining \ref on input line 4.
LaTeX Info: Redefining \pageref on input line 4.
LaTeX Info: Redefining \nameref on input line 4.

(/media/zhaoyang-new/workspace/KarSim/KarComparator/out/Dremsek.out)
(/media/zhaoyang-new/workspace/KarSim/KarComparator/out/Dremsek.out)
\@outlinefile=\write3
\openout3 = `Dremsek.out'.

 [1

{/var/lib/texmf/fonts/map/pdftex/updmap/pdftex.map}]
Underfull \hbox (badness 10000) in paragraph at lines 33--35

 []

<paul_dremsek_plots_new/3_imagecluster0_rotated.png, id=29, 1877.0125pt x 3327.
43124pt>
File: paul_dremsek_plots_new/3_imagecluster0_rotated.png Graphic file (type png
)
<use paul_dremsek_plots_new/3_imagecluster0_rotated.png>
Package pdftex.def Info: paul_dremsek_plots_new/3_imagecluster0_rotated.png  us
ed on input line 39.
(pdftex.def)             Requested size: 289.07999pt x 512.44632pt.
LaTeX Font Info:    Trying to load font information for U+msa on input line 40.

(/usr/share/texlive/texmf-dist/tex/latex/amsfonts/umsa.fd
File: umsa.fd 2013/01/14 v3.01 AMS symbols A
)
LaTeX Font Info:    Trying to load font information for U+msb on input line 40.


(/usr/share/texlive/texmf-dist/tex/latex/amsfonts/umsb.fd
File: umsb.fd 2013/01/14 v3.01 AMS symbols B
)
Underfull \hbox (badness 10000) in paragraph at lines 44--45
[]\T1/cmr/bx/n/12 inv(2)(q12.2q12.3)\T1/cmr/m/n/12 .inversionon
 []


Underfull \hbox (badness 10000) in paragraph at lines 44--45
[]\T1/cmr/m/n/12 Chr2:106,462,406-
 []


Overfull \hbox (25.84831pt too wide) in paragraph at lines 45--46
[]\T1/cmr/bx/n/12 dup(2)(q14.3)\T1/cmr/m/n/12 .tandemduplicationon
 []


Underfull \hbox (badness 10000) in paragraph at lines 45--46
[]\T1/cmr/m/n/12 Chr2:124,318,296-
 []


Underfull \hbox (badness 10000) in paragraph at lines 48--50

 []

[2 <./paul_dremsek_plots_new/3_imagecluster0_rotated.png>]
Underfull \hbox (badness 10000) in paragraph at lines 55--57

 []

<paul_dremsek_plots_new/3_imagecluster1_rotated.png, id=45, 1877.0125pt x 1938.
24126pt>
File: paul_dremsek_plots_new/3_imagecluster1_rotated.png Graphic file (type png
)
<use paul_dremsek_plots_new/3_imagecluster1_rotated.png>
Package pdftex.def Info: paul_dremsek_plots_new/3_imagecluster1_rotated.png  us
ed on input line 61.
(pdftex.def)             Requested size: 289.07999pt x 298.5019pt.

Overfull \hbox (13.49295pt too wide) in paragraph at lines 66--67
[]\T1/cmr/bx/n/12 inv(9)(q22.32q22.33)\T1/cmr/m/n/12 .inversionon
 []


Underfull \hbox (badness 10000) in paragraph at lines 66--67
[]\T1/cmr/m/n/12 Chr9:94,438,791-
 []


Underfull \hbox (badness 10000) in paragraph at lines 67--68
[]\T1/cmr/bx/n/12 del(9)(p21.1)\T1/cmr/m/n/12 .deletionon
 []


Underfull \hbox (badness 10000) in paragraph at lines 67--68
[]\T1/cmr/m/n/12 Chr9:28,498,341-
 []


Underfull \hbox (badness 10000) in paragraph at lines 70--72

 []

[3 <./paul_dremsek_plots_new/3_imagecluster1_rotated.png>]
Underfull \hbox (badness 10000) in paragraph at lines 77--79

 []

<paul_dremsek_plots_new/3_imagecluster2_rotated.png, id=59, 1877.0125pt x 1871.
99374pt>
File: paul_dremsek_plots_new/3_imagecluster2_rotated.png Graphic file (type png
)
<use paul_dremsek_plots_new/3_imagecluster2_rotated.png>
Package pdftex.def Info: paul_dremsek_plots_new/3_imagecluster2_rotated.png  us
ed on input line 83.
(pdftex.def)             Requested size: 289.07999pt x 288.29935pt.

Underfull \hbox (badness 10000) in paragraph at lines 88--89
[]\T1/cmr/bx/n/12 inv(10)(q11.22)\T1/cmr/m/n/12 .inversionon
 []


Underfull \hbox (badness 10000) in paragraph at lines 88--89
[]\T1/cmr/m/n/12 Chr10:46,991,593-
 []


Underfull \hbox (badness 10000) in paragraph at lines 91--93

 []

[4 <./paul_dremsek_plots_new/3_imagecluster2_rotated.png>]
Underfull \hbox (badness 10000) in paragraph at lines 98--100

 []

<paul_dremsek_plots_new/3_imagecluster3_rotated.png, id=70, 1877.0125pt x 1224.
575pt>
File: paul_dremsek_plots_new/3_imagecluster3_rotated.png Graphic file (type png
)
<use paul_dremsek_plots_new/3_imagecluster3_rotated.png>
Package pdftex.def Info: paul_dremsek_plots_new/3_imagecluster3_rotated.png  us
ed on input line 104.
(pdftex.def)             Requested size: 289.07999pt x 188.5926pt.

Underfull \hbox (badness 10000) in paragraph at lines 109--110
[]\T1/cmr/bx/n/12 del(15)(q14)\T1/cmr/m/n/12 .deletionon
 []


Underfull \hbox (badness 10000) in paragraph at lines 109--110
[]\T1/cmr/m/n/12 Chr15:34,346,216-
 []


Underfull \hbox (badness 10000) in paragraph at lines 112--123

 []


Overfull \hbox (20.20175pt too wide) in paragraph at lines 112--123
[]
 []


Underfull \hbox (badness 10000) in paragraph at lines 112--123

 []

[5 <./paul_dremsek_plots_new/3_imagecluster3_rotated.png>]
Underfull \hbox (badness 10000) in paragraph at lines 127--129

 []

<paul_dremsek_plots_new/3_imagecluster4_rotated.png, id=82, 1877.0125pt x 1303.
87125pt>
File: paul_dremsek_plots_new/3_imagecluster4_rotated.png Graphic file (type png
)
<use paul_dremsek_plots_new/3_imagecluster4_rotated.png>
Package pdftex.def Info: paul_dremsek_plots_new/3_imagecluster4_rotated.png  us
ed on input line 133.
(pdftex.def)             Requested size: 289.07999pt x 200.80475pt.

Underfull \hbox (badness 10000) in paragraph at lines 138--139
[]\T1/cmr/bx/n/12 inv(16)(p12.2)\T1/cmr/m/n/12 .inversionon
 []


Underfull \hbox (badness 10000) in paragraph at lines 138--139
[]\T1/cmr/m/n/12 Chr16:21,502,978-
 []


Underfull \hbox (badness 10000) in paragraph at lines 141--143

 []

[6 <./paul_dremsek_plots_new/3_imagecluster4_rotated.png>]
Underfull \hbox (badness 10000) in paragraph at lines 148--150

 []

<paul_dremsek_plots_new/3_imagecluster5_rotated.png, id=93, 1877.0125pt x 1211.
52625pt>
File: paul_dremsek_plots_new/3_imagecluster5_rotated.png Graphic file (type png
)
<use paul_dremsek_plots_new/3_imagecluster5_rotated.png>
Package pdftex.def Info: paul_dremsek_plots_new/3_imagecluster5_rotated.png  us
ed on input line 154.
(pdftex.def)             Requested size: 289.07999pt x 186.58301pt.

Underfull \hbox (badness 10000) in paragraph at lines 159--160
[]\T1/cmr/bx/n/12 inv(17)(p11.2)\T1/cmr/m/n/12 .inversionon
 []


Underfull \hbox (badness 10000) in paragraph at lines 159--160
[]\T1/cmr/m/n/12 Chr17:16,806,184-
 []


Underfull \hbox (badness 10000) in paragraph at lines 162--164

 []

[7 <./paul_dremsek_plots_new/3_imagecluster5_rotated.png>]
Underfull \hbox (badness 10000) in paragraph at lines 171--173

 []

<paul_dremsek_plots_new/12_imagecluster0_rotated.png, id=105, 1877.0125pt x 262
5.81pt>
File: paul_dremsek_plots_new/12_imagecluster0_rotated.png Graphic file (type pn
g)
<use paul_dremsek_plots_new/12_imagecluster0_rotated.png>
Package pdftex.def Info: paul_dremsek_plots_new/12_imagecluster0_rotated.png  u
sed on input line 177.
(pdftex.def)             Requested size: 289.07999pt x 404.39201pt.

Overfull \hbox (26.22322pt too wide) in paragraph at lines 182--183
[]\T1/cmr/bx/n/12 dup(4)(p16.1)\T1/cmr/m/n/12 .tandemduplicationon
 []


Underfull \hbox (badness 10000) in paragraph at lines 182--183
[]\T1/cmr/m/n/12 Chr4:8,929,610-9,144,574(p16.1-
 []


Underfull \hbox (badness 10000) in paragraph at lines 185--187

 []

[8 <./paul_dremsek_plots_new/12_imagecluster0_rotated.png>]
Underfull \hbox (badness 10000) in paragraph at lines 192--194

 []

<paul_dremsek_plots_new/12_imagecluster1_rotated.png, id=116, 1877.0125pt x 221
6.28pt>
File: paul_dremsek_plots_new/12_imagecluster1_rotated.png Graphic file (type pn
g)
<use paul_dremsek_plots_new/12_imagecluster1_rotated.png>
Package pdftex.def Info: paul_dremsek_plots_new/12_imagecluster1_rotated.png  u
sed on input line 198.
(pdftex.def)             Requested size: 289.07999pt x 341.3217pt.

Underfull \hbox (badness 10000) in paragraph at lines 203--204
[]\T1/cmr/bx/n/12 inv(7)(q11.23)\T1/cmr/m/n/12 .inversionon
 []


Underfull \hbox (badness 10000) in paragraph at lines 203--204
[]\T1/cmr/m/n/12 Chr7:73,061,114-
 []


Underfull \hbox (badness 10000) in paragraph at lines 206--208

 []

[9 <./paul_dremsek_plots_new/12_imagecluster1_rotated.png>]
Underfull \hbox (badness 10000) in paragraph at lines 213--215

 []

<paul_dremsek_plots_new/12_imagecluster2_rotated.png, id=127, 1877.0125pt x 121
1.52625pt>
File: paul_dremsek_plots_new/12_imagecluster2_rotated.png Graphic file (type pn
g)
<use paul_dremsek_plots_new/12_imagecluster2_rotated.png>
Package pdftex.def Info: paul_dremsek_plots_new/12_imagecluster2_rotated.png  u
sed on input line 219.
(pdftex.def)             Requested size: 289.07999pt x 186.58301pt.

Overfull \hbox (32.97157pt too wide) in paragraph at lines 224--225
[]\T1/cmr/bx/n/12 dup(17)(p11.2)\T1/cmr/m/n/12 .tandemduplicationon
 []


Underfull \hbox (badness 10000) in paragraph at lines 224--225
[]\T1/cmr/m/n/12 Chr17:21,366,522-
 []


Underfull \hbox (badness 10000) in paragraph at lines 227--229

 []

[10 <./paul_dremsek_plots_new/12_imagecluster2_rotated.png>]
Underfull \hbox (badness 10000) in paragraph at lines 234--236

 []

<paul_dremsek_plots_new/12_imagecluster3_rotated.png, id=138, 1877.0125pt x 642
.4pt>
File: paul_dremsek_plots_new/12_imagecluster3_rotated.png Graphic file (type pn
g)
<use paul_dremsek_plots_new/12_imagecluster3_rotated.png>
Package pdftex.def Info: paul_dremsek_plots_new/12_imagecluster3_rotated.png  u
sed on input line 240.
(pdftex.def)             Requested size: 289.07999pt x 98.93382pt.

Overfull \hbox (7.94295pt too wide) in paragraph at lines 245--246
[]\T1/cmr/bx/n/12 del(22)(q11.23q12.1)\T1/cmr/m/n/12 .deletionon
 []


Underfull \hbox (badness 10000) in paragraph at lines 245--246
[]\T1/cmr/m/n/12 Chr22:25,127,033-
 []


Underfull \hbox (badness 10000) in paragraph at lines 248--256

 []

[11 <./paul_dremsek_plots_new/12_imagecluster3_rotated.png>]
Underfull \hbox (badness 10000) in paragraph at lines 262--264

 []

<paul_dremsek_plots_new/39_imagecluster0_rotated.png, id=150, 1877.0125pt x 339
2.675pt>
File: paul_dremsek_plots_new/39_imagecluster0_rotated.png Graphic file (type pn
g)
<use paul_dremsek_plots_new/39_imagecluster0_rotated.png>
Package pdftex.def Info: paul_dremsek_plots_new/39_imagecluster0_rotated.png  u
sed on input line 268.
(pdftex.def)             Requested size: 289.07999pt x 522.49428pt.

Overfull \hbox (51.91408pt too wide) in paragraph at lines 273--274
[]\T1/cmr/bx/n/12 t(1;17)(q43;q25.3)\T1/cmr/m/n/12 .balancedtranslocation
 []


Underfull \hbox (badness 10000) in paragraph at lines 273--274
\T1/cmr/m/n/12 seg-ments[]Chr1:237,668,707-
 []


Underfull \hbox (badness 10000) in paragraph at lines 273--274
\T1/cmr/m/n/12 248,943,333(q43-
 []


Underfull \hbox (badness 10000) in paragraph at lines 273--274
\T1/cmr/m/n/12 q44)[]and[]Chr17:80,544,491-
 []


Underfull \hbox (badness 10000) in paragraph at lines 276--278

 []

[12 <./paul_dremsek_plots_new/39_imagecluster0_rotated.png>]
Underfull \hbox (badness 10000) in paragraph at lines 283--285

 []

<paul_dremsek_plots_new/39_imagecluster1_rotated.png, id=164, 1877.0125pt x 193
8.24126pt>
File: paul_dremsek_plots_new/39_imagecluster1_rotated.png Graphic file (type pn
g)
<use paul_dremsek_plots_new/39_imagecluster1_rotated.png>
Package pdftex.def Info: paul_dremsek_plots_new/39_imagecluster1_rotated.png  u
sed on input line 289.
(pdftex.def)             Requested size: 289.07999pt x 298.5019pt.

Overfull \hbox (0.74606pt too wide) in paragraph at lines 294--295
[]\T1/cmr/bx/n/12 inv(9)(p13.3p13.1)\T1/cmr/m/n/12 .inversionon
 []


Underfull \hbox (badness 10000) in paragraph at lines 294--295
[]\T1/cmr/m/n/12 Chr9:33,582,925-
 []


Underfull \hbox (badness 10000) in paragraph at lines 297--299

 []

[13 <./paul_dremsek_plots_new/39_imagecluster1_rotated.png>]
Underfull \hbox (badness 10000) in paragraph at lines 304--306

 []

<paul_dremsek_plots_new/39_imagecluster2_rotated.png, id=176, 1877.0125pt x 123
7.62375pt>
File: paul_dremsek_plots_new/39_imagecluster2_rotated.png Graphic file (type pn
g)
<use paul_dremsek_plots_new/39_imagecluster2_rotated.png>
Package pdftex.def Info: paul_dremsek_plots_new/39_imagecluster2_rotated.png  u
sed on input line 310.
(pdftex.def)             Requested size: 289.07999pt x 190.6022pt.

Overfull \hbox (32.59666pt too wide) in paragraph at lines 315--316
[]\T1/cmr/bx/n/12 dup(15)(q21.3)\T1/cmr/m/n/12 .tandemduplicationon
 []


Underfull \hbox (badness 10000) in paragraph at lines 315--316
[]\T1/cmr/m/n/12 Chr15:53,582,371-
 []


Underfull \hbox (badness 10000) in paragraph at lines 318--325

 []


Overfull \hbox (20.20175pt too wide) in paragraph at lines 318--325
[]
 []


Underfull \hbox (badness 10000) in paragraph at lines 318--325

 []

[14 <./paul_dremsek_plots_new/39_imagecluster2_rotated.png>]
Underfull \hbox (badness 10000) in paragraph at lines 331--333

 []

<paul_dremsek_plots_new/45_imagecluster0_rotated.png, id=187, 1877.0125pt x 339
2.675pt>
File: paul_dremsek_plots_new/45_imagecluster0_rotated.png Graphic file (type pn
g)
<use paul_dremsek_plots_new/45_imagecluster0_rotated.png>
Package pdftex.def Info: paul_dremsek_plots_new/45_imagecluster0_rotated.png  u
sed on input line 337.
(pdftex.def)             Requested size: 289.07999pt x 522.49428pt.

Overfull \hbox (51.91408pt too wide) in paragraph at lines 342--343
[]\T1/cmr/bx/n/12 t(1;15)(q41;q25.1)\T1/cmr/m/n/12 .balancedtranslocation
 []


Underfull \hbox (badness 10000) in paragraph at lines 342--343
\T1/cmr/m/n/12 seg-ments[]Chr1:220,322,626-
 []


Underfull \hbox (badness 10000) in paragraph at lines 342--343
\T1/cmr/m/n/12 248,943,333(q41-
 []


Underfull \hbox (badness 10000) in paragraph at lines 342--343
\T1/cmr/m/n/12 q44)[]and[]Chr15:78,010,675-
 []


Underfull \hbox (badness 10000) in paragraph at lines 345--347

 []

[15 <./paul_dremsek_plots_new/45_imagecluster0_rotated.png>]
Package atveryend Info: Empty hook `BeforeClearDocument' on input line 353.
Package atveryend Info: Empty hook `AfterLastShipout' on input line 353.

(/media/zhaoyang-new/workspace/KarSim/KarComparator/out/Dremsek.aux)
Package atveryend Info: Executing hook `AtVeryEndDocument' on input line 353.
Package atveryend Info: Executing hook `AtEndAfterFileList' on input line 353.
Package rerunfilecheck Info: File `Dremsek.out' has not changed.
(rerunfilecheck)             Checksum: 48FA47EBB24F7A8E3685D8300F871C47;198.
Package atveryend Info: Empty hook `AtVeryVeryEnd' on input line 353.
 ) 
Here is how much of TeX's memory you used:
 7186 strings out of 483183
 119340 string characters out of 5966293
 465316 words of memory out of 5000000
 21983 multiletter control sequences out of 15000+600000
 541814 words of font info for 51 fonts, out of 8000000 for 9000
 14 hyphenation exceptions out of 8191
 38i,8n,36p,624b,309s stack positions out of 5000i,500n,10000p,200000b,80000s
 </home/zhaoyang-new/.texlive2019/texmf-var/fonts/pk/ljfour/jknappen/ec/ecrm0
800.600pk> </home/zhaoyang-new/.texlive2019/texmf-var/fonts/pk/ljfour/jknappen/
ec/ecbx1728.600pk> </home/zhaoyang-new/.texlive2019/texmf-var/fonts/pk/ljfour/j
knappen/ec/tcrm1200.600pk> </home/zhaoyang-new/.texlive2019/texmf-var/fonts/pk/
ljfour/jknappen/ec/ecbx1200.600pk> </home/zhaoyang-new/.texlive2019/texmf-var/f
onts/pk/ljfour/jknappen/ec/ecrm1200.600pk>
Output written on /media/zhaoyang-new/workspace/KarSim/KarComparator/out/Dremse
k.pdf (15 pages, 1217248 bytes).
PDF statistics:
 386 PDF objects out of 1000 (max. 8388607)
 188 compressed objects within 2 object streams
 65 named destinations out of 1000 (max. 500000)
 103 words of extra memory for PDF output out of 10000 (max. 10000000)

