23Y_WAGR_11p13_deletion_r2.1.txt
{('Chr3', 108382414, 'Chr3', 108548861, 'S'): -1}
chr_bin: -no centromere, highest representation: Chr21, path_name: Path41, segment_chr: Chr21 Chr21 Chr21 Chr21 Chr21 Chr21 Chr21 Chr21 
chr_bin: -no centromere, highest representation: Chr21, path_name: Path42, segment_chr: Chr21 Chr21 Chr21 Chr21 Chr21 Chr21 Chr21 Chr21 
chr_bin: -no centromere, highest representation: Chr21, path_name: Path43, segment_chr: Chr21 Chr21 Chr21 Chr21 Chr21 Chr21 Chr21 

23Y_8q21_recurrent_microdeletion_r2.1.txt
{('Chr8', 76303135, 'Chr8', 77249101, 'D'): 1, ('Chr2', 192769324, 'Chr2', 194192401, 'D'): 1, ('Chr4', 80842659, 'Chr4', 82592657, 'D'): 1, ('Chr12', 131616408, 'Chr12', 133263959, 'S'): -1, ('Chr16', 72933503, 'Chr16', 72828923, 'S'): -1}

23X_15q26_overgrowth_r1.1.txt
{('Chr2', 94052822, 'Chr2', 241869134, 'D'): 1, ('Chr8', 128287040, 'Chr8', 128351261, 'S'): 1, ('Chr6', 163785222, 'Chr6', 163876868, 'S'): -1}
chr_bin: -no centromere, highest representation: Chr2, path_name: Path3, segment_chr: Chr2 Chr2 Chr2 Chr2 Chr2 Chr2 Chr2 Chr2 Chr2 
chr_bin: -no centromere, highest representation: Chr2, path_name: Path4, segment_chr: Chr2 Chr2 Chr2 Chr2 Chr2 
chr_bin: -no centromere, highest representation: Chr15, path_name: Path29, segment_chr: Chr15 Chr15 Chr15 Chr15 Chr15 Chr15 Chr15 Chr15 
chr_bin: -no centromere, highest representation: Chr15, path_name: Path30, segment_chr: Chr15 Chr15 Chr15 Chr15 Chr15 Chr15 Chr15 Chr15 

23Y_Potocki_Shaffer_r2.1.txt
{('Chr5', 124558736, 'Chr5', 124661010, 'S'): 1, ('Chr5', 125666047, 'Chr5', 125561961, 'S'): 1, ('Chr7', 17942844, 'Chr7', 18242594, 'S'): 1, ('Chr7', 48718524, 'Chr7', 48619966, 'S'): -1, ('Chr6', 148707709, 'Chr6', 154277481, 'D'): 1, ('Chr20', 38937748, 'Chr20', 43201256, 'D'): 1, ('Chr1', 180424360, 'Chr1', 188401632, 'D'): 1}

23Y_WAGR_11p13_deletion_r1.1.txt
{('Chr2', 173292839, 'Chr2', 179703877, 'D'): 1, ('Chr13', 80928406, 'Chr13', 72877469, 'D'): 1, ('Chr9', 64186127, 'Chr9', 66255740, 'S'): 1, ('Chr9', 63490126, 'Chr9', 133042532, 'D'): 1, ('Chr10', 40723427, 'Chr10', 133567589, 'D'): 1}
chr_bin: -no centromere, highest representation: Chr4, path_name: Path8, segment_chr: Chr4 
chr_bin: -no centromere, highest representation: Chr10, path_name: Path19, segment_chr: Chr10 Chr10 Chr10 Chr10 Chr10 
chr_bin: -no centromere, highest representation: Chr10, path_name: Path20, segment_chr: Chr10 Chr10 Chr10 
chr_bin: -no centromere, highest representation: Chr13, path_name: Path26, segment_chr: Chr13 Chr13 Chr13 Chr13 Chr13 Chr13 Chr13 Chr12 
chr_bin: -no centromere, highest representation: Chr13, path_name: Path27, segment_chr: Chr13 Chr13 Chr13 Chr13 Chr13 Chr13 Chr13 Chr13 

23Y_2p15-16-1_microdeletion_r2.1.txt
{('Chr5', 177581476, 'Chr5', 181301992, 'D'): 1, ('Chr6', 84572489, 'Chr6', 88150560, 'D'): 1}

23Y_Potocki_Shaffer_r1.1.txt
{('Chr16', 87526086, 'Chr16', 90224751, 'S'): -1, ('Chr9', 70143406, 'Chr9', 70250298, 'S'): -1, ('Chr9', 134413530, 'Chr9', 138334463, 'S'): -1, ('Chr10', 17718692, 'Chr10', 23321583, 'D'): 1, ('Chr8', 99994388, 'Chr8', 107257169, 'D'): 1, ('Chr3', 90544142, 'Chr3', 91946511, 'S'): -1, ('Chr2', 188949975, 'Chr2', 188862380, 'S'): -1}
chr_bin: -no centromere, highest representation: Chr3, path_name: Path5, segment_chr: Chr3 Chr3 Chr3 Chr3 Chr3 Chr3 Chr3 Chr3 Chr3 Chr3 Chr3 Chr3 Chr3 
chr_bin: -multiple centromeres ({'Chr10', 'Chr9'}), highest representation: Chr9, path_name: Path18, segment_chr: Chr9 Chr9 Chr9 Chr9 Chr9 Chr9 Chr9 Chr10 Chr10 Chr10 Chr10 Chr10 Chr10 Chr10 

23Y_1q21_recurrent_microdeletion_r2.1.txt
{('Chr1', 41936520, 'Chr1', 41774748, 'S'): -1, ('Chr1', 185127594, 'Chr8', 32875965, 'D'): 1, ('Chr3', 122825620, 'Chr3', 124474913, 'D'): 1, ('Chr6', 74143806, 'Chr6', 74063874, 'S'): -1}
chr_bin: -multiple centromeres ({'Chr3', 'Chr8', 'Chr9', 'Chr1'}), highest representation: Chr1, path_name: Path5, segment_chr: Chr1 Chr1 Chr1 Chr1 Chr1 Chr1 Chr1 Chr1 Chr1 Chr8 Chr8 Chr8 Chr8 Chr9 Chr9 Chr9 Chr9 Chr3 Chr3 Chr3 Chr3 Chr3 Chr3 Chr3 
chr_bin: -no centromere, highest representation: Chr8, path_name: Path6, segment_chr: Chr9 Chr9 Chr8 Chr8 
chr_bin: -no centromere, highest representation: Chr13, path_name: Path23, segment_chr: Chr13 Chr13 Chr13 Chr13 
chr_bin: -no centromere, highest representation: Chr13, path_name: Path24, segment_chr: Chr13 Chr13 Chr13 Chr13 Chr13 

23X_1q21_recurrent_microduplication_r1.1.txt
{('Chr21', 27682460, 'Chr21', 27528222, 'S'): -1, ('Chr16', 58241755, 'Chr16', 58334172, 'S'): 1, ('Chr3', 58401101, 'Chr3', 58453602, 'S'): -1}

23X_Xp11_22_Microduplication_r2.1.txt
{('Chr14', 46889629, 'Chr14', 48066948, 'D'): 1, ('Chr13', 23600094, 'Chr13', 23434406, 'S'): -1, ('Chr8', 143990784, 'Chr8', 145076125, 'S'): -1, ('ChrX', 48520504, 'ChrX', 52380136, 'D'): 1}
chr_bin: -multiple centromeres ({'Chr4', 'Chr1'}), highest representation: Chr1, path_name: Path9, segment_chr: Chr4 Chr4 Chr4 Chr4 Chr4 Chr4 Chr1 Chr1 Chr1 Chr1 Chr1 Chr9 Chr9 
chr_bin: -no centromere, highest representation: Chr13, path_name: Path25, segment_chr: Chr13 Chr13 Chr13 Chr13 Chr13 
chr_bin: -no centromere, highest representation: Chr13, path_name: Path26, segment_chr: Chr13 Chr13 Chr13 Chr13 Chr13 
chr_bin: -no centromere, highest representation: Chr14, path_name: Path27, segment_chr: Chr14 Chr14 Chr14 Chr14 Chr14 Chr14 
chr_bin: -no centromere, highest representation: Chr14, path_name: Path28, segment_chr: Chr14 Chr14 Chr14 Chr14 Chr14 Chr14 Chr14 
chr_bin: -no centromere, highest representation: Chr15, path_name: Path29, segment_chr: Chr15 Chr15 Chr15 Chr15 
chr_bin: -no centromere, highest representation: Chr15, path_name: Path30, segment_chr: Chr15 Chr15 Chr15 

23X_Angelman_r2.1.txt
{('Chr8', 141481373, 'Chr8', 145076125, 'S'): -1, ('Chr10', 60428643, 'Chr10', 60366956, 'S'): 1, ('Chr3', 39980278, 'Chr3', 47472639, 'D'): 1, ('Chr4', 36131700, 'Chr4', 43326020, 'D'): 1, ('Chr2', 6892095, 'Chr2', 10548906, 'D'): 1, ('Chr14', 104645780, 'Chr14', 106873282, 'S'): -1, ('Chr16', 887823, 'Chr16', 33083587, 'D'): 1, ('Chr15', 22114847, 'Chr15', 28208207, 'D'): 1}
chr_bin: -multiple centromeres ({'Chr8', 'Chr5'}), highest representation: Chr5, path_name: Path13, segment_chr: Chr5 Chr5 Chr5 Chr5 Chr5 Chr8 Chr8 Chr8 Chr8 Chr8 Chr8 Chr8 Chr8 Chr8 Chr8 Chr8 Chr8 
chr_bin: -no centromere, highest representation: Chr15, path_name: Path27, segment_chr: Chr15 Chr15 Chr15 Chr15 
chr_bin: -no centromere, highest representation: Chr15, path_name: Path28, segment_chr: Chr15 Chr15 Chr15 

23X_22q11-2_distal_deletion_r2.1.txt
{('Chr2', 175590434, 'Chr2', 183984820, 'D'): 1, ('Chr4', 73192018, 'Chr4', 75615907, 'D'): 1, ('Chr17', 21692280, 'Chr17', 22042417, 'S'): 1, ('Chr17', 22732568, 'Chr17', 26692352, 'S'): 1, ('Chr5', 72640050, 'Chr5', 77860222, 'D'): 1}
chr_bin: -no centromere, highest representation: Chr3, path_name: Path7, segment_chr: Chr3 Chr3 Chr3 Chr3 Chr3 Chr3 
chr_bin: -no centromere, highest representation: Chr3, path_name: Path8, segment_chr: Chr3 Chr3 
chr_bin: -no centromere, highest representation: Chr17, path_name: Path35, segment_chr: Chr17 Chr17 Chr17 Chr17 Chr17 Chr17 Chr17 Chr17 Chr17 
chr_bin: -no centromere, highest representation: Chr17, path_name: Path36, segment_chr: Chr17 Chr17 Chr17 Chr17 Chr17 Chr17 Chr17 Chr17 Chr17 
chr_bin: -no centromere, highest representation: Chr17, path_name: Path37, segment_chr: Chr17 Chr17 Chr17 Chr17 Chr17 Chr17 Chr17 Chr17 

23X_STS_r2.1.txt
{('Chr9', 264300, 'Chr9', 43279153, 'D'): 1}
chr_bin: -no centromere, highest representation: Chr6, path_name: Path11, segment_chr: Chr6 Chr6 Chr6 Chr6 Chr6 
chr_bin: -no centromere, highest representation: Chr9, path_name: Path18, segment_chr: Chr9 Chr9 Chr9 Chr9 Chr9 Chr9 
chr_bin: -no centromere, highest representation: Chr9, path_name: Path19, segment_chr: Chr9 Chr9 Chr9 

23Y_CMT1A_r2.1.txt
{('Chr5', 46400790, 'Chr5', 49709238, 'S'): 1, ('Chr5', 70223364, 'Chr5', 71035564, 'S'): 1, ('Chr5', 288115, 'Chr5', 135592864, 'D'): 1, ('Chr5', 135951613, 'Chr5', 181301991, 'D'): 1, ('Chr6', 5729123, 'Chr6', 9480104, 'D'): 1, ('Chr7', 52904794, 'Chr7', 52831828, 'S'): 1, ('Chr3', 82350953, 'Chr3', 84799610, 'D'): 1, ('Chr4', 21200985, 'Chr4', 31034116, 'D'): 1, ('Chr10', 2991118, 'Chr10', 6332955, 'D'): 1}
chr_bin: -no centromere, highest representation: Chr5, path_name: Path13, segment_chr: Chr5 Chr5 Chr5 Chr5 Chr5 Chr5 Chr5 Chr5 Chr5 Chr5 Chr5 Chr5 Chr5 Chr5 Chr5 Chr5 
chr_bin: -no centromere, highest representation: Chr5, path_name: Path16, segment_chr: Chr5 Chr5 Chr5 Chr5 Chr5 Chr5 Chr5 Chr5 Chr5 Chr5 Chr5 Chr5 Chr5 Chr5 Chr5 Chr5 Chr5 Chr5 Chr5 Chr5 Chr5 Chr5 Chr5 Chr5 Chr5 Chr8 Chr8 
chr_bin: -no centromere, highest representation: Chr13, path_name: Path27, segment_chr: Chr13 Chr13 Chr13 Chr13 
chr_bin: -no centromere, highest representation: Chr13, path_name: Path28, segment_chr: Chr13 Chr13 Chr13 

23Y_Cri_du_Chat_r1.1.txt
{('Chr10', 114962497, 'Chr10', 123824125, 'D'): 1, ('Chr5', 254718, 'Chr5', 12605822, 'D'): 1, ('Chr13', 110510479, 'Chr13', 113516616, 'D'): 1}
chr_bin: -no centromere, highest representation: Chr13, path_name: Path25, segment_chr: Chr13 Chr13 Chr13 Chr13 Chr13 Chr13 
chr_bin: -no centromere, highest representation: Chr13, path_name: Path26, segment_chr: Chr13 Chr13 Chr13 Chr13 Chr13 Chr13 Chr13 

23X_Cri_du_Chat_r2.1.txt
{('Chr3', 9230785, 'Chr3', 15651362, 'D'): 1, ('Chr5', 254718, 'Chr5', 12638531, 'D'): 1, ('Chr7', 139782949, 'Chr7', 139597453, 'S'): -1, ('Chr18', 70998464, 'Chr18', 77328659, 'D'): 1, ('Chr15', 92594001, 'Chr15', 101609126, 'D'): 1, ('Chr9', 25994479, 'Chr9', 35120946, 'D'): 1, ('Chr10', 38404810, 'Chr10', 40723427, 'S'): 1, ('Chr10', 301374, 'Chr10', 125829448, 'D'): 1, ('Chr10', 126177481, 'Chr10', 132148913, 'D'): 1}
chr_bin: -no centromere, highest representation: Chr10, path_name: Path19, segment_chr: Chr10 Chr10 Chr10 Chr10 Chr10 Chr10 Chr10 Chr10 Chr10 Chr10 Chr10 Chr10 Chr10 Chr10 Chr10 Chr10 Chr10 
chr_bin: -no centromere, highest representation: Chr10, path_name: Path20, segment_chr: Chr11 Chr11 Chr11 Chr10 Chr10 Chr10 Chr10 Chr10 Chr10 Chr10 Chr10 Chr10 Chr10 Chr10 Chr10 Chr10 Chr10 Chr10 Chr10 Chr10 Chr10 Chr10 Chr10 Chr10 Chr10 Chr10 Chr10 Chr10 Chr10 Chr10 Chr10 Chr10 
chr_bin: -no centromere, highest representation: Chr15, path_name: Path29, segment_chr: Chr15 Chr15 Chr15 Chr15 Chr15 Chr15 Chr15 Chr15 Chr15 

23Y_NF1_microdeletion_r2.1.txt
{('Chr1', 98953857, 'Chr1', 98898999, 'S'): 1, ('Chr1', 143278151, 'Chr1', 248668258, 'D'): 1, ('Chr8', 129860224, 'Chr8', 130322523, 'S'): -1, ('Chr8', 45972482, 'Chr8', 144888116, 'D'): 1, ('Chr14', 64505796, 'Chr14', 64769399, 'S'): 1, ('Chr9', 64186127, 'Chr9', 66749835, 'S'): 1, ('Chr9', 302048, 'Chr9', 8049325, 'D'): 1, ('Chr9', 7464905, 'Chr9', 7385150, 'D'): 1, ('Chr9', 8127844, 'Chr9', 40439253, 'D'): 1, ('Chr9', 63490126, 'Chr9', 135192382, 'D'): 1, ('Chr15', 93293578, 'Chr15', 93212816, 'S'): 1, ('Chr20', 296843, 'Chr20', 2176265, 'D'): 1}
chr_bin: -no centromere, highest representation: Chr3, path_name: Path7, segment_chr: Chr3 Chr3 Chr3 Chr3 Chr3 Chr3 
chr_bin: -no centromere, highest representation: Chr3, path_name: Path8, segment_chr: Chr3 Chr3 
chr_bin: -no centromere, highest representation: Chr14, path_name: Path18, segment_chr: Chr14 Chr14 Chr9 Chr14 Chr14 Chr14 Chr14 
chr_bin: -no centromere, highest representation: Chr14, path_name: Path19, segment_chr: Chr14 Chr14 Chr14 Chr14 Chr14 Chr14 Chr14 Chr14 Chr14 Chr14 
chr_bin: -no centromere, highest representation: Chr15, path_name: Path29, segment_chr: Chr15 Chr15 Chr15 Chr15 Chr15 Chr15 Chr15 
chr_bin: -no centromere, highest representation: Chr15, path_name: Path30, segment_chr: Chr15 Chr15 Chr15 Chr15 Chr15 Chr15 Chr15 Chr15 Chr15 

23X_1q21_recurrent_microduplication_r2.1.txt
{('Chr4', 1818080, 'Chr4', 12986, 'S'): -1, ('Chr4', 108121114, 'Chr4', 109394610, 'D'): 1, ('Chr12', 57624186, 'Chr12', 58512892, 'D'): 1}
chr_bin: -no centromere, highest representation: Chr13, path_name: Path5, segment_chr: Chr13 Chr13 Chr2 Chr13 Chr13 Chr13 Chr13 
chr_bin: -no centromere, highest representation: Chr13, path_name: Path7, segment_chr: Chr13 Chr13 Chr13 Chr13 Chr13 Chr13 

23X_22q11-2_distal_deletion_r1.1.txt
{('Chr18', 27121235, 'Chr18', 35901748, 'D'): 1, ('Chr11', 36310302, 'Chr11', 45304391, 'D'): 1, ('Chr12', 108079511, 'Chr12', 114345293, 'D'): 1, ('Chr1', 27950097, 'Chr1', 28069082, 'S'): -1, ('Chr6', 58445658, 'Chr6', 60290030, 'S'): 1, ('Chr6', 81144424, 'Chr6', 169949785, 'D'): 1, ('Chr8', 137777408, 'Chr8', 144888116, 'D'): 1}

23X_Early_onset_Alzheimer_r1.1.txt
{('Chr12', 73783861, 'Chr12', 75275464, 'D'): 1, ('Chr8', 128454877, 'Chr8', 128513507, 'S'): -1}

23X_Angelman_r1.1.txt
{('Chr21', 15046744, 'Chr21', 20949615, 'D'): 1, ('Chr11', 11973235, 'Chr11', 15880729, 'D'): 1, ('Chr15', 22114847, 'Chr15', 28215387, 'D'): 1, ('Chr15', 36267981, 'Chr15', 45876375, 'D'): 1, ('Chr5', 80543566, 'Chr5', 89331806, 'D'): 1, ('Chr2', 188939570, 'Chr2', 188861310, 'S'): -1}
chr_bin: -no centromere, highest representation: Chr15, path_name: Path29, segment_chr: Chr15 Chr15 Chr15 Chr15 Chr15 Chr15 Chr15 Chr15 Chr15 Chr15 
chr_bin: -no centromere, highest representation: Chr15, path_name: Path30, segment_chr: Chr15 Chr15 Chr15 Chr15 Chr15 Chr15 Chr15 Chr15 Chr15 

23Y_12q14_recurrent_microdeletion_r2.1.txt
{('Chr3', 84077165, 'Chr3', 84689839, 'D'): 1, ('Chr4', 91595736, 'Chr4', 91681685, 'S'): -1, ('Chr5', 23991438, 'Chr5', 24997608, 'D'): 1}

23Y_Cri_du_Chat_r2.1.txt
{('Chr5', 254718, 'Chr5', 46400789, 'D'): 1, ('Chr5', 88027017, 'Chr5', 87914548, 'D'): 1, ('Chr5', 149747354, 'Chr5', 150636247, 'D'): 1}
chr_bin: -no centromere, highest representation: Chr5, path_name: Path9, segment_chr: Chr5 Chr5 Chr5 Chr5 Chr5 Chr5 Chr5 Chr5 Chr5 Chr5 Chr5 Chr5 Chr5 Chr5 Chr5 Chr5 Chr5 Chr5 Chr5 Chr5 Chr5 Chr5 Chr5 Chr5 Chr5 Chr5 Chr5 
chr_bin: -no centromere, highest representation: Chr5, path_name: Path10, segment_chr: Chr5 Chr5 Chr5 Chr5 Chr5 
chr_bin: -no centromere, highest representation: Chr5, path_name: Path11, segment_chr: Chr5 Chr5 
chr_bin: -no centromere, highest representation: Chr5, path_name: Path12, segment_chr: Chr5 Chr5 Chr5 Chr5 Chr5 Chr5 Chr5 Chr5 Chr5 Chr5 Chr5 
chr_bin: -no centromere, highest representation: Chr5, path_name: Path13, segment_chr: Chr5 Chr5 Chr5 Chr5 Chr5 Chr5 Chr5 Chr5 Chr5 
chr_bin: -no centromere, highest representation: Chr13, path_name: Path28, segment_chr: Chr13 Chr13 Chr13 Chr13 
chr_bin: -no centromere, highest representation: Chr13, path_name: Path29, segment_chr: Chr13 Chr13 Chr13 Chr13 Chr13 

23Y_CMT1A_r1.1.txt
{('Chr20', 20647796, 'Chr20', 20558668, 'S'): -1, ('Chr5', 46400790, 'Chr5', 49709238, 'S'): -1, ('Chr5', 254718, 'Chr5', 181301992, 'D'): 1, ('Chr13', 21626566, 'Chr13', 28772181, 'D'): 1, ('Chr14', 101442898, 'Chr14', 104169671, 'D'): 1, ('Chr3', 77970099, 'Chr3', 78023973, 'S'): -1, ('Chr7', 63008786, 'Chr7', 109091421, 'D'): 1, ('Chr7', 111189749, 'Chr7', 157625834, 'D'): 1}
chr_bin: -no centromere, highest representation: Chr1, path_name: Path3, segment_chr: Chr1 Chr1 Chr1 
chr_bin: -no centromere, highest representation: Chr5, path_name: Path12, segment_chr: Chr5 Chr5 Chr5 Chr5 Chr5 Chr5 Chr5 Chr5 Chr5 Chr5 
chr_bin: -no centromere, highest representation: Chr13, path_name: Path25, segment_chr: Chr13 Chr13 Chr13 Chr13 Chr13 Chr13 Chr13 
chr_bin: -no centromere, highest representation: Chr13, path_name: Path28, segment_chr: Chr13 Chr13 Chr13 Chr13 Chr13 Chr13 Chr13 Chr16 Chr16 
chr_bin: -no centromere, highest representation: Chr14, path_name: Path29, segment_chr: Chr14 Chr14 Chr14 Chr14 
chr_bin: -no centromere, highest representation: Chr14, path_name: Path30, segment_chr: Chr14 Chr14 Chr14 Chr14 Chr14 

23X_STS_r1.1.txt
{('Chr9', 1898217, 'Chr9', 2003281, 'S'): -1, ('Chr15', 62928238, 'Chr15', 70072224, 'D'): 1, ('Chr16', 38277016, 'Chr16', 89959908, 'D'): 1, ('Chr3', 113247228, 'Chr3', 119672700, 'D'): 1, ('Chr1', 31333690, 'Chr1', 31394480, 'S'): 1, ('Chr12', 75176691, 'Chr12', 75184605, 'S'): 1, ('Chr1', 32907733, 'Chr1', 32839190, 'S'): -1, ('Chr1', 31333689, 'Chr12', 68077475, 'D'): 1, ('Chr11', 47079022, 'Chr11', 46909239, 'S'): -1, ('Chr7', 61875655, 'Chr7', 159096120, 'D'): 1}
chr_bin: -no centromere, highest representation: Chr15, path_name: Path31, segment_chr: Chr15 Chr15 Chr15 Chr15 Chr15 Chr15 Chr15 Chr15 
chr_bin: -no centromere, highest representation: Chr15, path_name: Path32, segment_chr: Chr15 Chr15 Chr15 Chr15 Chr15 Chr15 Chr15 Chr15 Chr15 
chr_bin: -no centromere, highest representation: Chr16, path_name: Path33, segment_chr: Chr16 Chr16 Chr16 Chr16 Chr16 
chr_bin: -no centromere, highest representation: Chr16, path_name: Path34, segment_chr: Chr16 Chr16 Chr16 

23Y_NF1_microdeletion_r1.1.txt
{('Chr2', 175637755, 'Chr2', 175561066, 'S'): 1, ('Chr2', 160224560, 'Chr2', 160314259, 'S'): -1, ('Chr2', 207352190, 'Chr2', 207425734, 'S'): -1, ('Chr3', 63956940, 'Chr3', 65089720, 'D'): 1, ('Chr6', 135491218, 'Chr6', 135425965, 'S'): -1, ('Chr8', 103831826, 'Chr8', 103780962, 'S'): -1}

23X_Cri_du_Chat_r1.1.txt
{('Chr16', 73630446, 'Chr16', 80880327, 'D'): 1, ('Chr5', 46400790, 'Chr5', 49709238, 'S'): -1, ('Chr5', 254718, 'Chr5', 181301992, 'D'): 1, ('Chr3', 190029109, 'Chr3', 190151917, 'S'): -1, ('Chr4', 87200298, 'Chr4', 77986654, 'D'): 1, ('Chr9', 111309306, 'Chr9', 101872666, 'D'): 1, ('Chr9', 20106974, 'Chr9', 16349658, 'D'): 1, ('Chr9', 6074294, 'Chr9', 356406, 'D'): 1, ('Chr7', 81851429, 'Chr7', 88398274, 'D'): 1}
chr_bin: -multiple centromeres ({'Chr9', 'Chr4'}), highest representation: Chr9, path_name: Path8, segment_chr: Chr4 Chr4 Chr4 Chr4 Chr9 Chr9 Chr9 Chr9 Chr9 Chr9 Chr9 Chr9 Chr9 Chr9 Chr9 Chr9 Chr9 Chr9 Chr9 Chr9 Chr9 Chr9 Chr9 Chr9 Chr9 Chr9 Chr9 Chr9 Chr9 Chr9 Chr9 Chr9 Chr4 Chr4 Chr4 Chr4 Chr4 Chr4 Chr4 Chr4 Chr4 
chr_bin: -no centromere, highest representation: Chr5, path_name: Path9, segment_chr: Chr5 Chr5 Chr5 Chr5 Chr5 Chr5 Chr5 Chr5 Chr5 Chr5 

23X_22q11_duplication_r2.1.txt
{('Chr22', 19135729, 'Chr22', 20818831, 'D'): 1, ('Chr1', 174250945, 'Chr1', 183983332, 'D'): 1, ('Chr3', 101965411, 'Chr3', 102019482, 'S'): -1, ('Chr8', 99216203, 'Chr8', 99127749, 'S'): -1, ('Chr8', 136753953, 'Chr8', 144888116, 'D'): 1}
chr_bin: -no centromere, highest representation: Chr6, path_name: Path12, segment_chr: Chr15 Chr15 Chr15 Chr6 
chr_bin: -no centromere, highest representation: Chr15, path_name: Path13, segment_chr: Chr15 Chr15 Chr6 Chr15 Chr15 Chr15 

